<?xml version="1.0" encoding="UTF-8"?>
<coverage generated="1751636706037" clover="3.2.0">
  <project timestamp="1751636706037" name="All files">
    <metrics statements="52" coveredstatements="49" conditionals="22" coveredconditionals="19" methods="22" coveredmethods="22" elements="96" coveredelements="90" complexity="0" loc="52" ncloc="52" packages="2" files="5" classes="5"/>
    <package name="src">
      <metrics statements="16" coveredstatements="14" conditionals="4" coveredconditionals="2" methods="8" coveredmethods="8"/>
      <file name="App.js" path="/workspace/TodoApp/src/App.js">
        <metrics statements="14" coveredstatements="14" conditionals="4" coveredconditionals="2" methods="8" coveredmethods="8"/>
        <line num="6" count="1" type="stmt"/>
        <line num="9" count="18" type="stmt"/>
        <line num="12" count="18" type="stmt"/>
        <line num="13" count="8" type="stmt"/>
        <line num="14" count="8" type="cond" truecount="1" falsecount="1"/>
        <line num="18" count="18" type="stmt"/>
        <line num="19" count="18" type="stmt"/>
        <line num="22" count="18" type="stmt"/>
        <line num="23" count="7" type="stmt"/>
        <line num="26" count="18" type="stmt"/>
        <line num="27" count="2" type="cond" truecount="1" falsecount="1"/>
        <line num="30" count="18" type="stmt"/>
        <line num="31" count="1" type="stmt"/>
        <line num="34" count="18" type="stmt"/>
      </file>
      <file name="index.js" path="/workspace/TodoApp/src/index.js">
        <metrics statements="2" coveredstatements="0" conditionals="0" coveredconditionals="0" methods="0" coveredmethods="0"/>
        <line num="6" count="0" type="stmt"/>
        <line num="7" count="0" type="stmt"/>
      </file>
    </package>
    <package name="src.components">
      <metrics statements="36" coveredstatements="35" conditionals="18" coveredconditionals="17" methods="14" coveredmethods="14"/>
      <file name="TodoForm.js" path="/workspace/TodoApp/src/components/TodoForm.js">
        <metrics statements="11" coveredstatements="11" conditionals="2" coveredconditionals="2" methods="3" coveredmethods="3"/>
        <line num="3" count="2" type="stmt"/>
        <line num="10" count="192" type="stmt"/>
        <line num="12" count="192" type="stmt"/>
        <line num="13" count="162" type="stmt"/>
        <line num="14" count="162" type="stmt"/>
        <line num="17" count="192" type="stmt"/>
        <line num="18" count="13" type="stmt"/>
        <line num="19" count="13" type="cond" truecount="2" falsecount="0"/>
        <line num="20" count="11" type="stmt"/>
        <line num="25" count="11" type="stmt"/>
        <line num="28" count="192" type="stmt"/>
      </file>
      <file name="TodoItem.js" path="/workspace/TodoApp/src/components/TodoItem.js">
        <metrics statements="14" coveredstatements="14" conditionals="6" coveredconditionals="6" methods="7" coveredmethods="7"/>
        <line num="4" count="77" type="stmt"/>
        <line num="5" count="77" type="stmt"/>
        <line num="11" count="77" type="stmt"/>
        <line num="12" count="41" type="stmt"/>
        <line num="13" count="41" type="stmt"/>
        <line num="16" count="77" type="stmt"/>
        <line num="17" count="3" type="stmt"/>
        <line num="18" count="3" type="stmt"/>
        <line num="19" count="3" type="stmt"/>
        <line num="22" count="77" type="stmt"/>
        <line num="49" count="2" type="stmt"/>
        <line num="58" count="2" type="stmt"/>
        <line num="65" count="8" type="stmt"/>
        <line num="66" count="2" type="stmt"/>
      </file>
      <file name="TodoList.js" path="/workspace/TodoApp/src/components/TodoList.js">
        <metrics statements="11" coveredstatements="10" conditionals="10" coveredconditionals="9" methods="4" coveredmethods="4"/>
        <line num="5" count="30" type="stmt"/>
        <line num="7" count="30" type="stmt"/>
        <line num="8" count="27" type="cond" truecount="2" falsecount="0"/>
        <line num="9" count="10" type="stmt"/>
        <line num="10" count="10" type="stmt"/>
        <line num="12" count="17" type="cond" truecount="1" falsecount="1"/>
        <line num="13" count="17" type="cond" truecount="4" falsecount="0"/>
        <line num="15" count="0" type="stmt"/>
        <line num="18" count="30" type="stmt"/>
        <line num="22" count="3" type="stmt"/>
        <line num="32" count="43" type="stmt"/>
      </file>
    </package>
  </project>
</coverage>
