{"/workspace/TodoApp/src/App.js": {"path":"/workspace/TodoApp/src/App.js","statementMap":{"0":{"start":{"line":6,"column":26},"end":{"line":6,"column":45}},"1":{"start":{"line":9,"column":28},"end":{"line":9,"column":40}},"2":{"start":{"line":12,"column":2},"end":{"line":15,"column":9}},"3":{"start":{"line":13,"column":24},"end":{"line":13,"column":75}},"4":{"start":{"line":14,"column":4},"end":{"line":14,"column":43}},"5":{"start":{"line":14,"column":21},"end":{"line":14,"column":43}},"6":{"start":{"line":18,"column":2},"end":{"line":20,"column":14}},"7":{"start":{"line":19,"column":4},"end":{"line":19,"column":67}},"8":{"start":{"line":22,"column":18},"end":{"line":24,"column":3}},"9":{"start":{"line":23,"column":4},"end":{"line":23,"column":31}},"10":{"start":{"line":26,"column":21},"end":{"line":28,"column":3}},"11":{"start":{"line":27,"column":4},"end":{"line":27,"column":64}},"12":{"start":{"line":27,"column":31},"end":{"line":27,"column":60}},"13":{"start":{"line":30,"column":21},"end":{"line":32,"column":3}},"14":{"start":{"line":31,"column":4},"end":{"line":31,"column":47}},"15":{"start":{"line":31,"column":33},"end":{"line":31,"column":44}},"16":{"start":{"line":34,"column":2},"end":{"line":44,"column":4}}},"fnMap":{"0":{"name":"App","decl":{"start":{"line":8,"column":9},"end":{"line":8,"column":12}},"loc":{"start":{"line":8,"column":15},"end":{"line":45,"column":1}},"line":8},"1":{"name":"(anonymous_1)","decl":{"start":{"line":12,"column":12},"end":{"line":12,"column":13}},"loc":{"start":{"line":12,"column":18},"end":{"line":15,"column":3}},"line":12},"2":{"name":"(anonymous_2)","decl":{"start":{"line":18,"column":12},"end":{"line":18,"column":13}},"loc":{"start":{"line":18,"column":18},"end":{"line":20,"column":3}},"line":18},"3":{"name":"(anonymous_3)","decl":{"start":{"line":22,"column":18},"end":{"line":22,"column":19}},"loc":{"start":{"line":22,"column":28},"end":{"line":24,"column":3}},"line":22},"4":{"name":"(anonymous_4)","decl":{"start":{"line":26,"column":21},"end":{"line":26,"column":22}},"loc":{"start":{"line":26,"column":42},"end":{"line":28,"column":3}},"line":26},"5":{"name":"(anonymous_5)","decl":{"start":{"line":27,"column":23},"end":{"line":27,"column":24}},"loc":{"start":{"line":27,"column":31},"end":{"line":27,"column":60}},"line":27},"6":{"name":"(anonymous_6)","decl":{"start":{"line":30,"column":21},"end":{"line":30,"column":22}},"loc":{"start":{"line":30,"column":29},"end":{"line":32,"column":3}},"line":30},"7":{"name":"(anonymous_7)","decl":{"start":{"line":31,"column":26},"end":{"line":31,"column":27}},"loc":{"start":{"line":31,"column":33},"end":{"line":31,"column":44}},"line":31}},"branchMap":{"0":{"loc":{"start":{"line":14,"column":4},"end":{"line":14,"column":43}},"type":"if","locations":[{"start":{"line":14,"column":4},"end":{"line":14,"column":43}},{"start":{},"end":{}}],"line":14},"1":{"loc":{"start":{"line":27,"column":31},"end":{"line":27,"column":60}},"type":"cond-expr","locations":[{"start":{"line":27,"column":45},"end":{"line":27,"column":56}},{"start":{"line":27,"column":59},"end":{"line":27,"column":60}}],"line":27}},"s":{"0":1,"1":18,"2":18,"3":8,"4":8,"5":0,"6":18,"7":18,"8":18,"9":7,"10":18,"11":2,"12":2,"13":18,"14":1,"15":1,"16":18},"f":{"0":18,"1":8,"2":18,"3":7,"4":2,"5":2,"6":1,"7":1},"b":{"0":[0,8],"1":[2,0]},"_coverageSchema":"1a1c01bbd47fc00a2c39e90264f33305004495a9","hash":"15e9b50ee0b7b1724281297d12366731cc0e1b19"}
,"/workspace/TodoApp/src/index.js": {"path":"/workspace/TodoApp/src/index.js","statementMap":{"0":{"start":{"line":6,"column":13},"end":{"line":6,"column":65}},"1":{"start":{"line":7,"column":0},"end":{"line":7,"column":21}}},"fnMap":{},"branchMap":{},"s":{"0":0,"1":0},"f":{},"b":{}}
,"/workspace/TodoApp/src/components/TodoForm.js": {"path":"/workspace/TodoApp/src/components/TodoForm.js","statementMap":{"0":{"start":{"line":3,"column":25},"end":{"line":7,"column":1}},"1":{"start":{"line":10,"column":26},"end":{"line":10,"column":52}},"2":{"start":{"line":12,"column":23},"end":{"line":15,"column":3}},"3":{"start":{"line":13,"column":28},"end":{"line":13,"column":36}},"4":{"start":{"line":14,"column":4},"end":{"line":14,"column":40}},"5":{"start":{"line":17,"column":23},"end":{"line":26,"column":3}},"6":{"start":{"line":18,"column":4},"end":{"line":18,"column":23}},"7":{"start":{"line":19,"column":4},"end":{"line":19,"column":35}},"8":{"start":{"line":19,"column":28},"end":{"line":19,"column":35}},"9":{"start":{"line":20,"column":4},"end":{"line":24,"column":7}},"10":{"start":{"line":25,"column":4},"end":{"line":25,"column":30}},"11":{"start":{"line":28,"column":2},"end":{"line":55,"column":4}}},"fnMap":{"0":{"name":"TodoForm","decl":{"start":{"line":9,"column":9},"end":{"line":9,"column":17}},"loc":{"start":{"line":9,"column":31},"end":{"line":56,"column":1}},"line":9},"1":{"name":"(anonymous_1)","decl":{"start":{"line":12,"column":23},"end":{"line":12,"column":24}},"loc":{"start":{"line":12,"column":30},"end":{"line":15,"column":3}},"line":12},"2":{"name":"(anonymous_2)","decl":{"start":{"line":17,"column":23},"end":{"line":17,"column":24}},"loc":{"start":{"line":17,"column":30},"end":{"line":26,"column":3}},"line":17}},"branchMap":{"0":{"loc":{"start":{"line":19,"column":4},"end":{"line":19,"column":35}},"type":"if","locations":[{"start":{"line":19,"column":4},"end":{"line":19,"column":35}},{"start":{},"end":{}}],"line":19}},"s":{"0":2,"1":192,"2":192,"3":162,"4":162,"5":192,"6":13,"7":13,"8":2,"9":11,"10":11,"11":192},"f":{"0":192,"1":162,"2":13},"b":{"0":[2,11]},"_coverageSchema":"1a1c01bbd47fc00a2c39e90264f33305004495a9","hash":"47f29b644a4e3b413572b6813bff4c1aefffe6cc"}
,"/workspace/TodoApp/src/components/TodoItem.js": {"path":"/workspace/TodoApp/src/components/TodoItem.js","statementMap":{"0":{"start":{"line":4,"column":36},"end":{"line":4,"column":51}},"1":{"start":{"line":5,"column":26},"end":{"line":9,"column":4}},"2":{"start":{"line":11,"column":23},"end":{"line":14,"column":3}},"3":{"start":{"line":12,"column":28},"end":{"line":12,"column":36}},"4":{"start":{"line":13,"column":4},"end":{"line":13,"column":40}},"5":{"start":{"line":16,"column":23},"end":{"line":20,"column":3}},"6":{"start":{"line":17,"column":4},"end":{"line":17,"column":23}},"7":{"start":{"line":18,"column":4},"end":{"line":18,"column":46}},"8":{"start":{"line":19,"column":4},"end":{"line":19,"column":24}},"9":{"start":{"line":22,"column":2},"end":{"line":70,"column":4}},"10":{"start":{"line":49,"column":47},"end":{"line":49,"column":66}},"11":{"start":{"line":58,"column":28},"end":{"line":58,"column":88}},"12":{"start":{"line":65,"column":33},"end":{"line":65,"column":51}},"13":{"start":{"line":66,"column":33},"end":{"line":66,"column":52}}},"fnMap":{"0":{"name":"TodoItem","decl":{"start":{"line":3,"column":9},"end":{"line":3,"column":17}},"loc":{"start":{"line":3,"column":52},"end":{"line":71,"column":1}},"line":3},"1":{"name":"(anonymous_1)","decl":{"start":{"line":11,"column":23},"end":{"line":11,"column":24}},"loc":{"start":{"line":11,"column":30},"end":{"line":14,"column":3}},"line":11},"2":{"name":"(anonymous_2)","decl":{"start":{"line":16,"column":23},"end":{"line":16,"column":24}},"loc":{"start":{"line":16,"column":30},"end":{"line":20,"column":3}},"line":16},"3":{"name":"(anonymous_3)","decl":{"start":{"line":49,"column":41},"end":{"line":49,"column":42}},"loc":{"start":{"line":49,"column":47},"end":{"line":49,"column":66}},"line":49},"4":{"name":"(anonymous_4)","decl":{"start":{"line":58,"column":22},"end":{"line":58,"column":23}},"loc":{"start":{"line":58,"column":28},"end":{"line":58,"column":88}},"line":58},"5":{"name":"(anonymous_5)","decl":{"start":{"line":65,"column":27},"end":{"line":65,"column":28}},"loc":{"start":{"line":65,"column":33},"end":{"line":65,"column":51}},"line":65},"6":{"name":"(anonymous_6)","decl":{"start":{"line":66,"column":27},"end":{"line":66,"column":28}},"loc":{"start":{"line":66,"column":33},"end":{"line":66,"column":52}},"line":66}},"branchMap":{"0":{"loc":{"start":{"line":23,"column":32},"end":{"line":23,"column":65}},"type":"cond-expr","locations":[{"start":{"line":23,"column":49},"end":{"line":23,"column":60}},{"start":{"line":23,"column":63},"end":{"line":23,"column":65}}],"line":23},"1":{"loc":{"start":{"line":24,"column":7},"end":{"line":68,"column":7}},"type":"cond-expr","locations":[{"start":{"line":25,"column":8},"end":{"line":52,"column":15}},{"start":{"line":54,"column":8},"end":{"line":67,"column":14}}],"line":24},"2":{"loc":{"start":{"line":61,"column":11},"end":{"line":61,"column":81}},"type":"binary-expr","locations":[{"start":{"line":61,"column":11},"end":{"line":61,"column":23}},{"start":{"line":61,"column":27},"end":{"line":61,"column":81}}],"line":61}},"s":{"0":77,"1":77,"2":77,"3":41,"4":41,"5":77,"6":3,"7":3,"8":3,"9":77,"10":2,"11":2,"12":8,"13":2},"f":{"0":77,"1":41,"2":3,"3":2,"4":2,"5":8,"6":2},"b":{"0":[2,75],"1":[49,28],"2":[28,16]},"_coverageSchema":"1a1c01bbd47fc00a2c39e90264f33305004495a9","hash":"53987c9dead90dadd38bbf3cf110dff25d832459"}
,"/workspace/TodoApp/src/components/TodoList.js": {"path":"/workspace/TodoApp/src/components/TodoList.js","statementMap":{"0":{"start":{"line":5,"column":32},"end":{"line":5,"column":51}},"1":{"start":{"line":7,"column":22},"end":{"line":16,"column":4}},"2":{"start":{"line":8,"column":4},"end":{"line":11,"column":5}},"3":{"start":{"line":9,"column":20},"end":{"line":9,"column":50}},"4":{"start":{"line":10,"column":6},"end":{"line":10,"column":51}},"5":{"start":{"line":12,"column":4},"end":{"line":14,"column":5}},"6":{"start":{"line":13,"column":6},"end":{"line":13,"column":62}},"7":{"start":{"line":15,"column":4},"end":{"line":15,"column":13}},"8":{"start":{"line":18,"column":2},"end":{"line":42,"column":4}},"9":{"start":{"line":22,"column":49},"end":{"line":22,"column":75}},"10":{"start":{"line":32,"column":12},"end":{"line":37,"column":14}}},"fnMap":{"0":{"name":"TodoList","decl":{"start":{"line":4,"column":9},"end":{"line":4,"column":17}},"loc":{"start":{"line":4,"column":53},"end":{"line":43,"column":1}},"line":4},"1":{"name":"(anonymous_1)","decl":{"start":{"line":7,"column":38},"end":{"line":7,"column":39}},"loc":{"start":{"line":7,"column":48},"end":{"line":16,"column":3}},"line":7},"2":{"name":"(anonymous_2)","decl":{"start":{"line":22,"column":42},"end":{"line":22,"column":43}},"loc":{"start":{"line":22,"column":49},"end":{"line":22,"column":75}},"line":22},"3":{"name":"(anonymous_3)","decl":{"start":{"line":31,"column":27},"end":{"line":31,"column":28}},"loc":{"start":{"line":32,"column":12},"end":{"line":37,"column":14}},"line":32}},"branchMap":{"0":{"loc":{"start":{"line":8,"column":4},"end":{"line":11,"column":5}},"type":"if","locations":[{"start":{"line":8,"column":4},"end":{"line":11,"column":5}},{"start":{},"end":{}}],"line":8},"1":{"loc":{"start":{"line":12,"column":4},"end":{"line":14,"column":5}},"type":"if","locations":[{"start":{"line":12,"column":4},"end":{"line":14,"column":5}},{"start":{},"end":{}}],"line":12},"2":{"loc":{"start":{"line":13,"column":14},"end":{"line":13,"column":29}},"type":"binary-expr","locations":[{"start":{"line":13,"column":14},"end":{"line":13,"column":23}},{"start":{"line":13,"column":27},"end":{"line":13,"column":29}}],"line":13},"3":{"loc":{"start":{"line":13,"column":45},"end":{"line":13,"column":60}},"type":"binary-expr","locations":[{"start":{"line":13,"column":45},"end":{"line":13,"column":54}},{"start":{"line":13,"column":58},"end":{"line":13,"column":60}}],"line":13},"4":{"loc":{"start":{"line":27,"column":7},"end":{"line":40,"column":7}},"type":"cond-expr","locations":[{"start":{"line":28,"column":8},"end":{"line":28,"column":46}},{"start":{"line":30,"column":8},"end":{"line":39,"column":13}}],"line":27}},"s":{"0":30,"1":30,"2":27,"3":10,"4":10,"5":17,"6":17,"7":0,"8":30,"9":3,"10":43},"f":{"0":30,"1":27,"2":3,"3":43},"b":{"0":[10,17],"1":[17,0],"2":[17,4],"3":[17,3],"4":[10,20]},"_coverageSchema":"1a1c01bbd47fc00a2c39e90264f33305004495a9","hash":"f32f8bf11109675cd4cab002ee4d3ed29d860b29"}
}
