TN:
SF:src/App.js
FN:8,App
FN:12,(anonymous_1)
FN:18,(anonymous_2)
FN:22,(anonymous_3)
FN:26,(anonymous_4)
FN:27,(anonymous_5)
FN:30,(anonymous_6)
FN:31,(anonymous_7)
FNF:8
FNH:8
FNDA:18,App
FNDA:8,(anonymous_1)
FNDA:18,(anonymous_2)
FNDA:7,(anonymous_3)
FNDA:2,(anonymous_4)
FNDA:2,(anonymous_5)
FNDA:1,(anonymous_6)
FNDA:1,(anonymous_7)
DA:6,1
DA:9,18
DA:12,18
DA:13,8
DA:14,8
DA:18,18
DA:19,18
DA:22,18
DA:23,7
DA:26,18
DA:27,2
DA:30,18
DA:31,1
DA:34,18
LF:14
LH:14
BRDA:14,0,0,0
BRDA:14,0,1,8
BRDA:27,1,0,2
BRDA:27,1,1,0
BRF:4
BRH:2
end_of_record
TN:
SF:src/index.js
FNF:0
FNH:0
DA:6,0
DA:7,0
LF:2
LH:0
BRF:0
BRH:0
end_of_record
TN:
SF:src/components/TodoForm.js
FN:9,TodoForm
FN:12,(anonymous_1)
FN:17,(anonymous_2)
FNF:3
FNH:3
FNDA:192,TodoForm
FNDA:162,(anonymous_1)
FNDA:13,(anonymous_2)
DA:3,2
DA:10,192
DA:12,192
DA:13,162
DA:14,162
DA:17,192
DA:18,13
DA:19,13
DA:20,11
DA:25,11
DA:28,192
LF:11
LH:11
BRDA:19,0,0,2
BRDA:19,0,1,11
BRF:2
BRH:2
end_of_record
TN:
SF:src/components/TodoItem.js
FN:3,TodoItem
FN:11,(anonymous_1)
FN:16,(anonymous_2)
FN:49,(anonymous_3)
FN:58,(anonymous_4)
FN:65,(anonymous_5)
FN:66,(anonymous_6)
FNF:7
FNH:7
FNDA:77,TodoItem
FNDA:41,(anonymous_1)
FNDA:3,(anonymous_2)
FNDA:2,(anonymous_3)
FNDA:2,(anonymous_4)
FNDA:8,(anonymous_5)
FNDA:2,(anonymous_6)
DA:4,77
DA:5,77
DA:11,77
DA:12,41
DA:13,41
DA:16,77
DA:17,3
DA:18,3
DA:19,3
DA:22,77
DA:49,2
DA:58,2
DA:65,8
DA:66,2
LF:14
LH:14
BRDA:23,0,0,2
BRDA:23,0,1,75
BRDA:24,1,0,49
BRDA:24,1,1,28
BRDA:61,2,0,28
BRDA:61,2,1,16
BRF:6
BRH:6
end_of_record
TN:
SF:src/components/TodoList.js
FN:4,TodoList
FN:7,(anonymous_1)
FN:22,(anonymous_2)
FN:31,(anonymous_3)
FNF:4
FNH:4
FNDA:30,TodoList
FNDA:27,(anonymous_1)
FNDA:3,(anonymous_2)
FNDA:43,(anonymous_3)
DA:5,30
DA:7,30
DA:8,27
DA:9,10
DA:10,10
DA:12,17
DA:13,17
DA:15,0
DA:18,30
DA:22,3
DA:32,43
LF:11
LH:10
BRDA:8,0,0,10
BRDA:8,0,1,17
BRDA:12,1,0,17
BRDA:12,1,1,0
BRDA:13,2,0,17
BRDA:13,2,1,4
BRDA:13,3,0,17
BRDA:13,3,1,3
BRDA:27,4,0,10
BRDA:27,4,1,20
BRF:10
BRH:9
end_of_record
